<?xml version="1.0" encoding="UTF-8"?>
<!-- Generated by org.testng.reporters.JUnitReportReporter -->
<testsuite hostname="Laptop34" failures="0" tests="1" name="com.accordsign.qa.testcases.HomePageTest" time="20.248" errors="0" timestamp="2025-08-11T14:22:15 IST" skipped="0">
  <testcase classname="com.accordsign.qa.testcases.HomePageTest" name="ValidateHomePageTitleTest" time="20.248"/>
</testsuite> <!-- com.accordsign.qa.testcases.HomePageTest -->
