<?xml version="1.0" encoding="UTF-8"?>
<!-- Generated by org.testng.reporters.JUnitReportReporter -->
<testsuite hostname="LP00034" failures="0" tests="3" name="com.accordsign.qa.testcases.SignUpTest" time="24.095" errors="0" timestamp="2025-10-07T11:49:38 IST" skipped="0">
  <testcase classname="com.accordsign.qa.testcases.SignUpTest" name="validateSignupPageTitleTest" time="3.916"/>
  <testcase classname="com.accordsign.qa.testcases.SignUpTest" name="validateAllElementsOnSignupPage" time="17.481"/>
  <testcase classname="com.accordsign.qa.testcases.SignUpTest" name="validateSignUpValidationMessageTest" time="2.698"/>
</testsuite> <!-- com.accordsign.qa.testcases.SignUpTest -->
