<?xml version="1.0" encoding="UTF-8"?>
<!-- Generated by org.testng.reporters.JUnitReportReporter -->
<testsuite hostname="LP00034" failures="0" tests="7" name="com.accordsign.qa.testcases.LoginPageTest" time="52.771" errors="0" timestamp="2025-10-07T16:07:05 IST" skipped="0">
  <testcase classname="com.accordsign.qa.testcases.LoginPageTest" name="validateLoginPageTitleTest" time="3.726"/>
  <testcase classname="com.accordsign.qa.testcases.LoginPageTest" name="validateAllElementsOnLoginPage" time="6.343"/>
  <testcase classname="com.accordsign.qa.testcases.LoginPageTest" name="validateLoginValidationMessageTest" time="3.864"/>
  <testcase classname="com.accordsign.qa.testcases.LoginPageTest" name="validateLoginValidationMessageTest2" time="4.394"/>
  <testcase classname="com.accordsign.qa.testcases.LoginPageTest" name="validatePasswordMaskingTest" time="4.217"/>
  <testcase classname="com.accordsign.qa.testcases.LoginPageTest" name="validateForgotPasswordLinkEmailPageAllElement" time="23.740"/>
  <testcase classname="com.accordsign.qa.testcases.LoginPageTest" name="validateValidLoginTest" time="6.487"/>
</testsuite> <!-- com.accordsign.qa.testcases.LoginPageTest -->
