<?xml version="1.0" encoding="UTF-8"?>
<!-- Generated by org.testng.reporters.JUnitReportReporter -->
<testsuite hostname="LP00034" failures="0" tests="17" name="com.accordsign.qa.testcases.SignUpTest" time="57.146" errors="0" timestamp="2025-08-26T13:10:06 IST" skipped="0">
  <testcase classname="com.accordsign.qa.testcases.SignUpTest" name="validateLastNameLabelTest" time="2.953"/>
  <testcase classname="com.accordsign.qa.testcases.SignUpTest" name="validateSignUpPageHeadingTest" time="3.174"/>
  <testcase classname="com.accordsign.qa.testcases.SignUpTest" name="validateFirstNameLabelTest" time="2.850"/>
  <testcase classname="com.accordsign.qa.testcases.SignUpTest" name="validateCompanyNameLabelTest" time="3.031"/>
  <testcase classname="com.accordsign.qa.testcases.SignUpTest" name="validateCheckBoxTextTest" time="2.971"/>
  <testcase classname="com.accordsign.qa.testcases.SignUpTest" name="validateCompanyNamePlaceHolderTextTest" time="3.085"/>
  <testcase classname="com.accordsign.qa.testcases.SignUpTest" name="validateSignupBtnTextTest" time="2.863"/>
  <testcase classname="com.accordsign.qa.testcases.SignUpTest" name="validateWorkEmailPlaceHolderTextTest" time="3.710"/>
  <testcase classname="com.accordsign.qa.testcases.SignUpTest" name="validateSignupText2Test" time="3.058"/>
  <testcase classname="com.accordsign.qa.testcases.SignUpTest" name="validateSignupPageTitleTest" time="2.888"/>
  <testcase classname="com.accordsign.qa.testcases.SignUpTest" name="validatePhoneNumberPlaceHolderTextTest" time="3.025"/>
  <testcase classname="com.accordsign.qa.testcases.SignUpTest" name="validateFirstNamePlaceHolderTextTest" time="3.100"/>
  <testcase classname="com.accordsign.qa.testcases.SignUpTest" name="validateLastNamePlaceHolderTextTest" time="2.780"/>
  <testcase classname="com.accordsign.qa.testcases.SignUpTest" name="validatePhoneNumberLabelTest" time="3.180"/>
  <testcase classname="com.accordsign.qa.testcases.SignUpTest" name="validateWorkEmailLabelTest" time="3.887"/>
  <testcase classname="com.accordsign.qa.testcases.SignUpTest" name="validateSignUpValidationMessageTest" time="3.423"/>
  <testcase classname="com.accordsign.qa.testcases.SignUpTest" name="validateCountryCodeDropDownValue" time="7.168"/>
</testsuite> <!-- com.accordsign.qa.testcases.SignUpTest -->
