<?xml version="1.0" encoding="UTF-8"?>
<!-- Generated by org.testng.reporters.JUnitReportReporter -->
<testsuite hostname="LP00034" failures="0" tests="3" name="com.accordsign.qa.testcases.SignUpTest" time="17.993" errors="0" timestamp="2025-10-07T14:23:11 IST" skipped="0">
  <testcase classname="com.accordsign.qa.testcases.SignUpTest" name="validateSignupPageTitleTest" time="2.485"/>
  <testcase classname="com.accordsign.qa.testcases.SignUpTest" name="validateAllElementsOnSignupPage" time="6.643"/>
  <testcase classname="com.accordsign.qa.testcases.SignUpTest" name="validateSignUpValidationMessageTest" time="8.865"/>
</testsuite> <!-- com.accordsign.qa.testcases.SignUpTest -->
