<?xml version="1.0" encoding="UTF-8"?>
<!-- Generated by org.testng.reporters.JUnitReportReporter -->
<testsuite hostname="LP00034" failures="0" tests="1" name="com.accordsign.qa.testcases.LoginPageTest" time="20.828" errors="0" timestamp="2025-09-05T15:38:17 IST" skipped="0">
  <testcase classname="com.accordsign.qa.testcases.LoginPageTest" name="validateForgotPasswordLinkStep1" time="20.828"/>
</testsuite> <!-- com.accordsign.qa.testcases.LoginPageTest -->
