<?xml version="1.0" encoding="UTF-8"?>
<!-- Generated by org.testng.reporters.JUnitReportReporter -->
<testsuite hostname="LP00034" failures="0" tests="1" name="com.accordsign.qa.testcases.LoginPageTest" time="2.721" errors="0" timestamp="2025-08-26T18:49:44 IST" skipped="0">
  <testcase classname="com.accordsign.qa.testcases.LoginPageTest" name="validateSeedDataLogoisDisplayed" time="2.721"/>
</testsuite> <!-- com.accordsign.qa.testcases.LoginPageTest -->
