<?xml version="1.0" encoding="UTF-8"?>
<!-- Generated by org.testng.reporters.JUnitReportReporter -->
<testsuite hostname="LP00034" failures="0" tests="4" name="com.accordsign.qa.testcases.SignUpTest" time="28.285" errors="0" timestamp="2025-10-07T16:07:05 IST" skipped="0">
  <testcase classname="com.accordsign.qa.testcases.SignUpTest" name="validateSignupPageTitleTest" time="3.835"/>
  <testcase classname="com.accordsign.qa.testcases.SignUpTest" name="validateAllElementsOnSignupPage" time="6.700"/>
  <testcase classname="com.accordsign.qa.testcases.SignUpTest" name="validateSignUpValidationMessageTest" time="4.643"/>
  <testcase classname="com.accordsign.qa.testcases.SignUpTest" name="validateCountryCodeDropDownValue" time="13.107"/>
</testsuite> <!-- com.accordsign.qa.testcases.SignUpTest -->
