<?xml version="1.0" encoding="UTF-8"?>
<!-- Generated by org.testng.reporters.JUnitReportReporter -->
<testsuite hostname="LP00034" failures="0" tests="14" name="com.accordsign.qa.testcases.LoginPageTest" time="40.846" errors="0" timestamp="2025-09-02T11:30:36 IST" skipped="0">
  <testcase classname="com.accordsign.qa.testcases.LoginPageTest" name="validateLoginPageTitleTest" time="2.971"/>
  <testcase classname="com.accordsign.qa.testcases.LoginPageTest" name="validateLoginPageHeadingTest" time="2.474"/>
  <testcase classname="com.accordsign.qa.testcases.LoginPageTest" name="validateEmailLabelTest" time="3.596"/>
  <testcase classname="com.accordsign.qa.testcases.LoginPageTest" name="validatePasswordLabelTest" time="2.766"/>
  <testcase classname="com.accordsign.qa.testcases.LoginPageTest" name="validateEmailPlaceHolderTest" time="2.521"/>
  <testcase classname="com.accordsign.qa.testcases.LoginPageTest" name="validatePasswordPlaceHolderTest" time="2.571"/>
  <testcase classname="com.accordsign.qa.testcases.LoginPageTest" name="validateLoginBtnTextTest" time="2.692"/>
  <testcase classname="com.accordsign.qa.testcases.LoginPageTest" name="validateSignUpText1Test" time="3.282"/>
  <testcase classname="com.accordsign.qa.testcases.LoginPageTest" name="validateSignUpText2Test" time="4.284"/>
  <testcase classname="com.accordsign.qa.testcases.LoginPageTest" name="validateDigitalSignatureLogoisDisplayed" time="2.838"/>
  <testcase classname="com.accordsign.qa.testcases.LoginPageTest" name="validateAccordSignLogoisDisplayed" time="2.616"/>
  <testcase classname="com.accordsign.qa.testcases.LoginPageTest" name="validateCopyRightisDisplayed" time="2.705"/>
  <testcase classname="com.accordsign.qa.testcases.LoginPageTest" name="validateSeedDataLogoisDisplayed" time="2.809"/>
  <testcase classname="com.accordsign.qa.testcases.LoginPageTest" name="validatePasswordMaskingTest" time="2.721"/>
</testsuite> <!-- com.accordsign.qa.testcases.LoginPageTest -->
