<?xml version="1.0" encoding="UTF-8"?>
<!-- Generated by org.testng.reporters.JUnitReportReporter -->
<testsuite hostname="LP00034" failures="0" tests="14" name="com.accordsign.qa.testcases.LoginPageTest" time="39.959" errors="0" timestamp="2025-08-26T18:50:52 IST" skipped="0">
  <testcase classname="com.accordsign.qa.testcases.LoginPageTest" name="validateLoginPageTitleTest" time="2.682"/>
  <testcase classname="com.accordsign.qa.testcases.LoginPageTest" name="validateLoginPageHeadingTest" time="2.388"/>
  <testcase classname="com.accordsign.qa.testcases.LoginPageTest" name="validateEmailLabelTest" time="2.613"/>
  <testcase classname="com.accordsign.qa.testcases.LoginPageTest" name="validatePasswordLabelTest" time="3.426"/>
  <testcase classname="com.accordsign.qa.testcases.LoginPageTest" name="validateEmailPlaceHolderTest" time="2.671"/>
  <testcase classname="com.accordsign.qa.testcases.LoginPageTest" name="validatePasswordPlaceHolderTest" time="2.556"/>
  <testcase classname="com.accordsign.qa.testcases.LoginPageTest" name="validateLoginBtnTextTest" time="2.630"/>
  <testcase classname="com.accordsign.qa.testcases.LoginPageTest" name="validateSignUpText1Test" time="2.582"/>
  <testcase classname="com.accordsign.qa.testcases.LoginPageTest" name="validateSignUpText2Test" time="3.656"/>
  <testcase classname="com.accordsign.qa.testcases.LoginPageTest" name="validateDigitalSignatureLogoisDisplayed" time="3.704"/>
  <testcase classname="com.accordsign.qa.testcases.LoginPageTest" name="validateAccordSignLogoisDisplayed" time="2.710"/>
  <testcase classname="com.accordsign.qa.testcases.LoginPageTest" name="validateCopyRightisDisplayed" time="2.603"/>
  <testcase classname="com.accordsign.qa.testcases.LoginPageTest" name="validateSeedDataLogoisDisplayed" time="2.800"/>
  <testcase classname="com.accordsign.qa.testcases.LoginPageTest" name="validatePasswordMaskingTest" time="2.938"/>
</testsuite> <!-- com.accordsign.qa.testcases.LoginPageTest -->
